<?xml version="1.0" encoding="UTF-8"?>
<!-- Generated by org.testng.reporters.JUnitReportReporter -->
<testsuite hostname="LAPTOP-FP9K99MJ" failures="0" tests="2" name="scripts.mainone" time="57.661" errors="0" timestamp="2020-12-22T23:39:27 IST" skipped="0">
  <testcase classname="scripts.mainone" name="invalidlogin" time="29.461"/>
  <system-out/>
  <testcase classname="scripts.mainone" name="validLogin" time="28.200"/>
  <system-out/>
</testsuite> <!-- scripts.mainone -->
